[09:38:29] [INIT] KubeJS 2001.6.5-build.14; MC 2001 forge
[09:38:29] [INIT] Loaded plugins:
[09:38:29] [INIT] - dev.latvian.mods.kubejs.forge.BuiltinKubeJSForgePlugin
[09:38:29] [INIT] - com.lowdragmc.lowdraglib.kjs.LDLibKubeJSPlugin
[09:38:29] [INIT] - dev.ftb.mods.ftbxmodcompat.ftbquests.kubejs.KubeJSIntegration
[09:38:29] [INIT] - dev.ftb.mods.ftbxmodcompat.ftbchunks.kubejs.FTBChunksKubeJSPlugin
[09:38:29] [INIT] - dev.ftb.mods.ftbxmodcompat.ftbteams.kubejs.FTBTeamsKubeJSPlugin
[09:38:29] [INIT] - com.gregtechceu.gtceu.integration.kjs.GregTechKubeJSPlugin
[09:38:29] [INIT] - com.tom.createores.kubejs.KubeJSExcavation
[09:38:29] [INIT] - com.almostreliable.morejs.Plugin
[09:38:29] [INIT] - com.blakebr0.cucumber.compat.kubejs.CucumberKubeJSPlugin
[09:38:29] [INIT] - com.almostreliable.ponderjs.PonderJSPlugin
[09:38:33] [INFO] Loaded script server_scripts:postUnify/_before.js in 0.009 s
[09:38:33] [INFO] Loaded script server_scripts:postUnify/dust.js in 0.006 s
[09:38:33] [INFO] Loaded script server_scripts:postUnify/wires.js in 0.004 s
[09:38:33] [INFO] Loaded script server_scripts:postUnify/storage_blocks.js in 0.003 s
[09:38:33] [INFO] Loaded script server_scripts:postUnify/ingots.js in 0.003 s
[09:38:33] [INFO] Loaded script server_scripts:postUnify/nuggets.js in 0.001 s
[09:38:33] [INFO] Loaded script server_scripts:postUnify/raw_materials.js in 0.002 s
[09:38:33] [INFO] Loaded script server_scripts:postUnify/plates.js in 0.003 s
[09:38:33] [INFO] Loaded script server_scripts:postUnify/rods.js in 0.002 s
[09:38:33] [INFO] Loaded script server_scripts:postUnify/gears.js in 0.002 s
[09:38:33] [INFO] Loaded script server_scripts:mods/chemlib/craftRemove.js in 0.001 s
[09:38:33] [INFO] Loaded script server_scripts:ore_processing.js in 0.007 s
[09:38:33] [INFO] Loaded script server_scripts:conflicts.js in 0.005 s
[09:38:33] [INFO] Loaded script server_scripts:modpack/atm_alloys.js in 0.003 s
[09:38:33] [INFO] Loaded script server_scripts:modpack/atm_shard.js in 0.0 s
[09:38:33] [INFO] Loaded script server_scripts:modpack/mini_portals.js in 0.001 s
[09:38:33] [INFO] Loaded script server_scripts:modpack/atm_star.js in 0.0 s
[09:38:33] [INFO] Loaded script server_scripts:modpack/atm_star_creative.js in 0.003 s
[09:38:33] [INFO] Loaded script server_scripts:modpack/patrick_star.js in 0.0 s
[09:38:33] [INFO] Loaded script server_scripts:modpack/att_items.js in 0.0 s
[09:38:33] [INFO] Loaded script server_scripts:modpack/music_discs.js in 0.001 s
[09:38:33] [INFO] Loaded script server_scripts:modpack/atm_alloy_tools.js in 0.001 s
[09:38:33] [INFO] Loaded script server_scripts:miningDim.js in 0.002 s
[09:38:33] [INFO] Loaded script server_scripts:mods/evilcraft/evilcraft.js in 0.001 s
[09:38:33] [INFO] Loaded script server_scripts:mods/silent_gear/salvager.js in 0.0 s
[09:38:33] [INFO] Loaded script server_scripts:mods/corail_tombstone/Nuke_Eggs.js in 0.001 s
[09:38:33] [INFO] Loaded script server_scripts:mods/er2/extremereactors2.js in 0.001 s
[09:38:33] [INFO] Loaded script server_scripts:mods/reliquary/reliquary.js in 0.0 s
[09:38:33] [INFO] Loaded script server_scripts:mods/mob_grinding_utils/recipes.js in 0.0 s
[09:38:33] [INFO] Loaded script server_scripts:mods/bloodmagic/meteors.js in 0.001 s
[09:38:33] [INFO] Loaded script server_scripts:mods/endermanoverhaul/recipes.js in 0.0 s
[09:38:33] [INFO] Loaded script server_scripts:mods/endermanoverhaul/tags.js in 0.0 s
[09:38:33] [INFO] mods/mysticalagriculture/crops.js#4: Loaded Java class 'com.blakebr0.mysticalagriculture.registry.CropRegistry'
[09:38:33] [INFO] Loaded script server_scripts:mods/mysticalagriculture/crops.js in 0.004 s
[09:38:33] [INFO] Loaded script server_scripts:mods/mysticalagriculture/cropRemove.js in 0.0 s
[09:38:33] [INFO] Loaded script server_scripts:mods/mysticalagriculture/crafting.js in 0.001 s
[09:38:33] [INFO] Loaded script server_scripts:mods/deepresonance/deepresonance.js in 0.0 s
[09:38:33] [INFO] mods/chemlib/blocks.js#4: Loaded Java class 'com.smashingmods.chemlib.registry.ItemRegistry'
[09:38:33] [INFO] Loaded script server_scripts:mods/chemlib/blocks.js in 0.003 s
[09:38:33] [INFO] Loaded script server_scripts:mods/cataclysm/cataclysm.js in 0.0 s
[09:38:33] [INFO] mods/gtceu/mining_dim_ores.js#4: Loaded Java class 'com.gregtechceu.gtceu.api.data.worldgen.generator.veins.VeinedVeinGenerator'
[09:38:33] [INFO] mods/gtceu/mining_dim_ores.js#5: Loaded Java class 'com.gregtechceu.gtceu.api.data.worldgen.generator.veins.DikeVeinGenerator'
[09:38:33] [INFO] Loaded script server_scripts:mods/gtceu/mining_dim_ores.js in 0.014 s
[09:38:33] [INFO] Loaded script server_scripts:mods/gtceu/gtceu.js in 0.004 s
[09:38:33] [INFO] Loaded script server_scripts:mods/gtceu/allthemodium.js in 0.001 s
[09:38:33] [INFO] Loaded script server_scripts:mods/gtceu/miner.js in 0.002 s
[09:38:33] [INFO] Loaded script server_scripts:mods/gtceu/micro_universe_orb_recipes.js in 0.002 s
[09:38:33] [INFO] Loaded script server_scripts:mods/gtceu/mega_fusion_recipes.js in 0.0 s
[09:38:33] [INFO] Loaded script server_scripts:mods/gtceu/greenhouse_recipes.js in 0.003 s
[09:38:33] [INFO] Loaded script server_scripts:mods/gtceu/starforge_recipes.js in 0.004 s
[09:38:33] [INFO] mods/gtceu/apiary_recipes.js#4: Loaded Java class 'dev.latvian.mods.kubejs.util.Tags'
[09:38:33] [INFO] mods/gtceu/apiary_recipes.js#5: Loaded Java class 'dev.latvian.mods.kubejs.fluid.FluidStackJS'
[09:38:33] [INFO] Loaded script server_scripts:mods/gtceu/apiary_recipes.js in 0.014 s
[09:38:33] [INFO] Loaded script server_scripts:mods/mekanism/mekanism.js in 0.001 s
[09:38:33] [INFO] Loaded script server_scripts:mods/mekanism/mekanismServer.js in 0.002 s
[09:38:33] [INFO] Loaded script server_scripts:mods/ad_astra/ad_astra.js in 0.0 s
[09:38:33] [INFO] Loaded script server_scripts:mods/immersiveengineering/immersiveengineering.js in 0.0 s
[09:38:33] [INFO] mods/farmingforblockheads/market.js#62: Loaded Java class 'net.blay09.mods.farmingforblockheads.api.FarmingForBlockheadsAPI'
[09:38:33] [INFO] Loaded script server_scripts:mods/farmingforblockheads/market.js in 0.002 s
[09:38:33] [INFO] Loaded script server_scripts:mods/allthemodium/allthemodium.js in 0.001 s
[09:38:33] [INFO] Loaded script server_scripts:mods/ftbquests/customTask.js in 0.0 s
[09:38:33] [INFO] Loaded script server_scripts:mods/mininggadgets/upgrade.js in 0.0 s
[09:38:33] [INFO] Loaded script server_scripts:mods/IndustrialForegoingSouls/recipes.js in 0.0 s
[09:38:33] [INFO] Loaded script server_scripts:mods/IndustrialForegoingSouls/blacklist.js in 0.0 s
[09:38:33] [INFO] Loaded script server_scripts:mods/computercraft/turtles.js in 0.0 s
[09:38:33] [INFO] Loaded script server_scripts:mods/everythingcopper/disable_shield.js in 0.0 s
[09:38:33] [INFO] Loaded script server_scripts:mods/hostileneuralnetworks/hnn.js in 0.001 s
[09:38:33] [INFO] Loaded script server_scripts:mods/ars_nouveau/ars_nouveau.js in 0.0 s
[09:38:33] [INFO] Loaded script server_scripts:mods/entangled/recipes.js in 0.001 s
[09:38:33] [INFO] Loaded script server_scripts:mods/refined/recipes.js in 0.0 s
[09:38:33] [INFO] Loaded script server_scripts:mods/industrialforegoing/industrial_foregoing.js in 0.001 s
[09:38:33] [INFO] Loaded script server_scripts:mods/industrialforegoing/fluid_extractor.js in 0.0 s
[09:38:33] [INFO] Loaded script server_scripts:mods/create/crushed_aluminum.js in 0.0 s
[09:38:33] [INFO] Loaded script server_scripts:mods/create/create.js in 0.002 s
[09:38:33] [INFO] Loaded script server_scripts:mods/create/crushed_osmium.js in 0.0 s
[09:38:33] [INFO] Loaded script server_scripts:mods/create/crushed_nickel.js in 0.0 s
[09:38:33] [INFO] Loaded script server_scripts:mods/create/crushed_tin.js in 0.0 s
[09:38:33] [INFO] Loaded script server_scripts:mods/create/crushed_silver.js in 0.0 s
[09:38:33] [INFO] Loaded script server_scripts:mods/create/crushed_platinum.js in 0.001 s
[09:38:33] [INFO] Loaded script server_scripts:mods/create/crushed_uranium.js in 0.0 s
[09:38:33] [INFO] Loaded script server_scripts:mods/create/crushed_lead.js in 0.0 s
[09:38:33] [INFO] Loaded script server_scripts:mods/draconic_evo/draconic_evo.js in 0.001 s
[09:38:33] [INFO] Loaded script server_scripts:mods/sushigocrafting/sushigocrafting.js in 0.002 s
[09:38:33] [INFO] Loaded script server_scripts:mods/quarryplus/quarrying.js in 0.0 s
[09:38:33] [INFO] Loaded script server_scripts:mods/timeinabottle/recipes.js in 0.001 s
[09:38:33] [INFO] Loaded script server_scripts:mods/buildinggadgets/recipes.js in 0.0 s
[09:38:33] [INFO] Loaded script server_scripts:mods/minecolonies/mineship.js in 0.0 s
[09:38:33] [INFO] Loaded script server_scripts:mods/quark/Chests.js in 0.0 s
[09:38:33] [INFO] Loaded script server_scripts:mods/rftools/builder.js in 0.0 s
[09:38:33] [INFO] Loaded script server_scripts:mods/angelring/angelring.js in 0.001 s
[09:38:33] [INFO] Loaded script server_scripts:mods/ae/recipes.js in 0.0 s
[09:38:33] [INFO] Loaded script server_scripts:mods/structure_compass/structure_compass.js in 0.0 s
[09:38:33] [INFO] Loaded script server_scripts:ore_removal.js in 0.0 s
[09:38:33] [INFO] Loaded script server_scripts:tags.js in 0.002 s
[09:38:33] [INFO] Loaded script server_scripts:xpFluids.js in 0.001 s
[09:38:33] [INFO] Loaded 88/88 KubeJS server scripts in 0.306 s with 0 errors and 0 warnings
[09:38:33] [INFO] Scripts loaded
[09:38:33] [INFO] Initializing recipe event...
[09:38:44] [INFO] [minecraft:entity_type] Found 232 tags, added 60 objects, removed 0 objects
[09:38:45] [INFO] [minecraft:block] Found 2735 tags, added 792 objects, removed 1 objects
[09:38:48] [INFO] [minecraft:item] Found 8299 tags, added 197 objects, removed 6 objects
[09:38:49] [INFO] [minecraft:fluid] Found 545 tags, added 2 objects, removed 4 objects
[09:38:50] [INFO] [minecraft:worldgen/biome] Found 849 tags, added 8 objects, removed 0 objects
[09:39:57] [INFO] Processing recipes...
[09:39:58] [WARN] Failed to parse recipe 'cratedelight:minecraft/crafting/glowberry_crate[minecraft:crafting_shaped]'! Falling back to vanilla: ItemStack 'result' can't be empty!
[09:39:58] [WARN] Failed to parse recipe 'twilightdelight:rainbow_ice_cream[minecraft:crafting_shapeless]'! Falling back to vanilla: ItemStack 'result' can't be empty!
[09:39:58] [WARN] Failed to parse recipe 'cratedelight:minecraft/crafting/egg_crate[minecraft:crafting_shaped]'! Falling back to vanilla: ItemStack 'result' can't be empty!
[09:39:59] [WARN] Failed to parse recipe 'cratedelight:minecraft/crafting/apple_crate[minecraft:crafting_shaped]'! Falling back to vanilla: ItemStack 'result' can't be empty!
[09:39:59] [WARN] Failed to parse recipe 'twilightdelight:refreshing_ice_cream[minecraft:crafting_shapeless]'! Falling back to vanilla: ItemStack 'result' can't be empty!
[09:39:59] [WARN] Failed to parse recipe 'cratedelight:minecraft/crafting/salmon_crate[minecraft:crafting_shaped]'! Falling back to vanilla: ItemStack 'result' can't be empty!
[09:39:59] [WARN] Failed to parse recipe 'twilightdelight:twilight_ice_cream[minecraft:crafting_shapeless]'! Falling back to vanilla: ItemStack 'result' can't be empty!
[09:39:59] [WARN] Failed to parse recipe 'twilightdelight:teardrop_sword[minecraft:smithing_transform]'! Falling back to vanilla: Ingredient 'template' can't be empty!
[09:39:59] [WARN] Failed to parse recipe 'cratedelight:minecraft/crafting/cod_crate[minecraft:crafting_shaped]'! Falling back to vanilla: ItemStack 'result' can't be empty!
[09:39:59] [WARN] Failed to parse recipe 'cratedelight:minecraft/crafting/berry_crate[minecraft:crafting_shaped]'! Falling back to vanilla: ItemStack 'result' can't be empty!
[09:40:00] [INFO] Found 88734 recipes in 2.304 s
[09:40:21] [INFO] Posted recipe events in 21.23 s
[09:40:22] [WARN] Error parsing recipe twilightdelight:neapolitan/aurora_cake_slice[farmersdelight:cutting]: {"type":"farmersdelight:cutting","ingredients":[{"item":"twilightdelight:aurora_cake"}],"result":[{"count":7,"item":"twilightdelight:aurora_cake_slice"}],"tool":{"tag":"forge:tools/knives"}}: Unknown item 'twilightdelight:aurora_cake'
[09:40:22] [WARN] Error parsing recipe create:cutting/compat/forbidden_arcanus/cherrywood[create:cutting]: {"type":"create:cutting","conditions":[{"type":"forge:mod_loaded","modid":"forbidden_arcanus"}],"ingredients":[{"item":"forbidden_arcanus:cherrywood"}],"processingTime":50,"results":[{"item":"forbidden_arcanus:stripped_cherrywood"}]}: Unknown item 'forbidden_arcanus:cherrywood'
[09:40:22] [WARN] Error parsing recipe twilightdelight:refreshing_ice_cream[minecraft:crafting_shapeless]: {"type":"minecraft:crafting_shapeless","category":"misc","ingredients":[{"item":"twilightdelight:glacier_ice_cream"},{"item":"neapolitan:mint_ice_cream"},{"item":"twilightdelight:phytochemical_ice_cream"},{"item":"minecraft:bowl"},{"item":"minecraft:bowl"},{"item":"minecraft:bowl"}],"result":{"count":3,"item":"twilightdelight:refreshing_ice_cream"}}: Unknown item 'twilightdelight:glacier_ice_cream'
[09:40:22] [WARN] Error parsing recipe thermal:furnace/allthecompressed/stone/deepslate/9x[thermal:furnace]: {"type":"thermal:furnace","ingredient":{"item":"allthecompressed:cobbled_deepslate_block_9x","count":1},"result":{"item":"allthecompressed:deepslate_block_9x"},"energy":2400000,"conditions":[{"type":"forge:and","values":[{"type":"forge:not","value":{"type":"forge:mod_loaded","modid":"compressium"}},{"type":"forge:mod_loaded","modid":"thermal"}]}]}: Invalid Thermal Series recipe: thermal:furnace/allthecompressed/stone/deepslate/9x
Refer to the recipe's ResourceLocation to find the mod responsible and let them know!
[09:40:22] [WARN] Error parsing recipe create:cutting/compat/forbidden_arcanus/stripped_mysterywood[create:cutting]: {"type":"create:cutting","conditions":[{"type":"forge:mod_loaded","modid":"forbidden_arcanus"}],"ingredients":[{"item":"forbidden_arcanus:stripped_mysterywood"}],"processingTime":50,"results":[{"count":6,"item":"forbidden_arcanus:mysterywood_planks"}]}: Unknown item 'forbidden_arcanus:stripped_mysterywood'
[09:40:22] [WARN] Error parsing recipe create:cutting/compat/biomesoplenty/cherry_wood[create:cutting]: {"type":"create:cutting","conditions":[{"type":"forge:mod_loaded","modid":"biomesoplenty"}],"ingredients":[{"item":"biomesoplenty:cherry_wood"}],"processingTime":50,"results":[{"item":"biomesoplenty:stripped_cherry_wood"}]}: Unknown item 'biomesoplenty:cherry_wood'
[09:40:22] [WARN] Error parsing recipe thermal:furnace/allthecompressed/stone/deepslate/1x[thermal:furnace]: {"type":"thermal:furnace","ingredient":{"item":"allthecompressed:cobbled_deepslate_block_1x","count":1},"result":{"item":"allthecompressed:deepslate_block_1x"},"energy":240000,"conditions":[{"type":"forge:and","values":[{"type":"forge:not","value":{"type":"forge:mod_loaded","modid":"compressium"}},{"type":"forge:mod_loaded","modid":"thermal"}]}]}: Invalid Thermal Series recipe: thermal:furnace/allthecompressed/stone/deepslate/1x
Refer to the recipe's ResourceLocation to find the mod responsible and let them know!
[09:40:22] [WARN] Error parsing recipe thermal:furnace/allthecompressed/stone/deepslate/2x[thermal:furnace]: {"type":"thermal:furnace","ingredient":{"item":"allthecompressed:cobbled_deepslate_block_2x","count":1},"result":{"item":"allthecompressed:deepslate_block_2x"},"energy":480000,"conditions":[{"type":"forge:and","values":[{"type":"forge:not","value":{"type":"forge:mod_loaded","modid":"compressium"}},{"type":"forge:mod_loaded","modid":"thermal"}]}]}: Invalid Thermal Series recipe: thermal:furnace/allthecompressed/stone/deepslate/2x
Refer to the recipe's ResourceLocation to find the mod responsible and let them know!
[09:40:22] [WARN] Error parsing recipe thermal:furnace/allthecompressed/stone/deepslate/3x[thermal:furnace]: {"type":"thermal:furnace","ingredient":{"item":"allthecompressed:cobbled_deepslate_block_3x","count":1},"result":{"item":"allthecompressed:deepslate_block_3x"},"energy":720000,"conditions":[{"type":"forge:and","values":[{"type":"forge:not","value":{"type":"forge:mod_loaded","modid":"compressium"}},{"type":"forge:mod_loaded","modid":"thermal"}]}]}: Invalid Thermal Series recipe: thermal:furnace/allthecompressed/stone/deepslate/3x
Refer to the recipe's ResourceLocation to find the mod responsible and let them know!
[09:40:22] [WARN] Error parsing recipe thermal:furnace/allthecompressed/stone/deepslate/5x[thermal:furnace]: {"type":"thermal:furnace","ingredient":{"item":"allthecompressed:cobbled_deepslate_block_5x","count":1},"result":{"item":"allthecompressed:deepslate_block_5x"},"energy":1200000,"conditions":[{"type":"forge:and","values":[{"type":"forge:not","value":{"type":"forge:mod_loaded","modid":"compressium"}},{"type":"forge:mod_loaded","modid":"thermal"}]}]}: Invalid Thermal Series recipe: thermal:furnace/allthecompressed/stone/deepslate/5x
Refer to the recipe's ResourceLocation to find the mod responsible and let them know!
[09:40:22] [WARN] Error parsing recipe thermal:furnace/allthecompressed/stone/deepslate/4x[thermal:furnace]: {"type":"thermal:furnace","ingredient":{"item":"allthecompressed:cobbled_deepslate_block_4x","count":1},"result":{"item":"allthecompressed:deepslate_block_4x"},"energy":960000,"conditions":[{"type":"forge:and","values":[{"type":"forge:not","value":{"type":"forge:mod_loaded","modid":"compressium"}},{"type":"forge:mod_loaded","modid":"thermal"}]}]}: Invalid Thermal Series recipe: thermal:furnace/allthecompressed/stone/deepslate/4x
Refer to the recipe's ResourceLocation to find the mod responsible and let them know!
[09:40:22] [WARN] Error parsing recipe thermal:furnace/allthecompressed/stone/deepslate/6x[thermal:furnace]: {"type":"thermal:furnace","ingredient":{"item":"allthecompressed:cobbled_deepslate_block_6x","count":1},"result":{"item":"allthecompressed:deepslate_block_6x"},"energy":1440000,"conditions":[{"type":"forge:and","values":[{"type":"forge:not","value":{"type":"forge:mod_loaded","modid":"compressium"}},{"type":"forge:mod_loaded","modid":"thermal"}]}]}: Invalid Thermal Series recipe: thermal:furnace/allthecompressed/stone/deepslate/6x
Refer to the recipe's ResourceLocation to find the mod responsible and let them know!
[09:40:22] [WARN] Error parsing recipe thermal:furnace/allthecompressed/stone/deepslate/7x[thermal:furnace]: {"type":"thermal:furnace","ingredient":{"item":"allthecompressed:cobbled_deepslate_block_7x","count":1},"result":{"item":"allthecompressed:deepslate_block_7x"},"energy":1680000,"conditions":[{"type":"forge:and","values":[{"type":"forge:not","value":{"type":"forge:mod_loaded","modid":"compressium"}},{"type":"forge:mod_loaded","modid":"thermal"}]}]}: Invalid Thermal Series recipe: thermal:furnace/allthecompressed/stone/deepslate/7x
Refer to the recipe's ResourceLocation to find the mod responsible and let them know!
[09:40:22] [WARN] Error parsing recipe thermal:furnace/allthecompressed/stone/deepslate/8x[thermal:furnace]: {"type":"thermal:furnace","ingredient":{"item":"allthecompressed:cobbled_deepslate_block_8x","count":1},"result":{"item":"allthecompressed:deepslate_block_8x"},"energy":2160000,"conditions":[{"type":"forge:and","values":[{"type":"forge:not","value":{"type":"forge:mod_loaded","modid":"compressium"}},{"type":"forge:mod_loaded","modid":"thermal"}]}]}: Invalid Thermal Series recipe: thermal:furnace/allthecompressed/stone/deepslate/8x
Refer to the recipe's ResourceLocation to find the mod responsible and let them know!
[09:40:22] [WARN] Error parsing recipe create:cutting/compat/blue_skies/stripped_cherry_wood[create:cutting]: {"type":"create:cutting","conditions":[{"type":"forge:mod_loaded","modid":"blue_skies"}],"ingredients":[{"item":"blue_skies:stripped_cherry_wood"}],"processingTime":50,"results":[{"count":6,"item":"blue_skies:cherry_planks"}]}: Unknown item 'blue_skies:stripped_cherry_wood'
[09:40:22] [WARN] Error parsing recipe forbidden_arcanus:edelwood_chest_boat[minecraft:crafting_shapeless]: {"type":"minecraft:crafting_shapeless","category":"misc","ingredients":[{"item":"forbidden_arcanus:edelwood_boat"},{"fabric_value":{"tag":"c:chests"},"forge_value":{"tag":"forge:chests/wooden"}}],"result":{"item":"forbidden_arcanus:edelwood_chest_boat"}}: An ingredient entry needs either a tag or an item
[09:40:23] [WARN] Error parsing recipe twilightdelight:twilight_ice_cream[minecraft:crafting_shapeless]: {"type":"minecraft:crafting_shapeless","category":"misc","ingredients":[{"item":"twilightdelight:torchberry_ice_cream"},{"item":"neapolitan:chocolate_ice_cream"},{"item":"neapolitan:strawberry_ice_cream"},{"item":"minecraft:bowl"},{"item":"minecraft:bowl"},{"item":"minecraft:bowl"}],"result":{"count":3,"item":"twilightdelight:twilight_ice_cream"}}: Unknown item 'twilightdelight:torchberry_ice_cream'
[09:40:23] [WARN] Error parsing recipe cratedelight:minecraft/crafting/egg_crate[minecraft:crafting_shaped]: {"type":"minecraft:crafting_shaped","pattern":["###","###","###"],"key":{"#":{"item":"minecraft:egg"}},"result":{"item":"cratedelight:egg_crate"}}: Unknown item 'cratedelight:egg_crate'
[09:40:23] [WARN] Error parsing recipe cratedelight:minecraft/crafting/apple_crate[minecraft:crafting_shaped]: {"type":"minecraft:crafting_shaped","pattern":["###","###","###"],"key":{"#":{"item":"minecraft:apple"}},"result":{"item":"cratedelight:apple_crate"}}: Unknown item 'cratedelight:apple_crate'
[09:40:23] [WARN] Error parsing recipe create:cutting/compat/forbidden_arcanus/mysterywood[create:cutting]: {"type":"create:cutting","conditions":[{"type":"forge:mod_loaded","modid":"forbidden_arcanus"}],"ingredients":[{"item":"forbidden_arcanus:mysterywood"}],"processingTime":50,"results":[{"item":"forbidden_arcanus:stripped_mysterywood"}]}: Unknown item 'forbidden_arcanus:mysterywood'
[09:40:23] [WARN] Error parsing recipe thermal:furnace/allthecompressed/terracotta/1x[thermal:furnace]: {"type":"thermal:furnace","ingredient":{"item":"allthecompressed:clay_block_1x","count":1},"result":{"item":"allthecompressed:terracotta_block_1x"},"energy":240000,"conditions":[{"type":"forge:and","values":[{"type":"forge:not","value":{"type":"forge:mod_loaded","modid":"compressium"}},{"type":"forge:mod_loaded","modid":"thermal"}]}]}: Invalid Thermal Series recipe: thermal:furnace/allthecompressed/terracotta/1x
Refer to the recipe's ResourceLocation to find the mod responsible and let them know!
[09:40:23] [WARN] Error parsing recipe thermal:furnace/allthecompressed/terracotta/2x[thermal:furnace]: {"type":"thermal:furnace","ingredient":{"item":"allthecompressed:clay_block_2x","count":1},"result":{"item":"allthecompressed:terracotta_block_2x"},"energy":480000,"conditions":[{"type":"forge:and","values":[{"type":"forge:not","value":{"type":"forge:mod_loaded","modid":"compressium"}},{"type":"forge:mod_loaded","modid":"thermal"}]}]}: Invalid Thermal Series recipe: thermal:furnace/allthecompressed/terracotta/2x
Refer to the recipe's ResourceLocation to find the mod responsible and let them know!
[09:40:23] [WARN] Error parsing recipe thermal:furnace/allthecompressed/terracotta/5x[thermal:furnace]: {"type":"thermal:furnace","ingredient":{"item":"allthecompressed:clay_block_5x","count":1},"result":{"item":"allthecompressed:terracotta_block_5x"},"energy":1200000,"conditions":[{"type":"forge:and","values":[{"type":"forge:not","value":{"type":"forge:mod_loaded","modid":"compressium"}},{"type":"forge:mod_loaded","modid":"thermal"}]}]}: Invalid Thermal Series recipe: thermal:furnace/allthecompressed/terracotta/5x
Refer to the recipe's ResourceLocation to find the mod responsible and let them know!
[09:40:23] [WARN] Error parsing recipe thermal:furnace/allthecompressed/terracotta/6x[thermal:furnace]: {"type":"thermal:furnace","ingredient":{"item":"allthecompressed:clay_block_6x","count":1},"result":{"item":"allthecompressed:terracotta_block_6x"},"energy":1440000,"conditions":[{"type":"forge:and","values":[{"type":"forge:not","value":{"type":"forge:mod_loaded","modid":"compressium"}},{"type":"forge:mod_loaded","modid":"thermal"}]}]}: Invalid Thermal Series recipe: thermal:furnace/allthecompressed/terracotta/6x
Refer to the recipe's ResourceLocation to find the mod responsible and let them know!
[09:40:23] [WARN] Error parsing recipe thermal:furnace/allthecompressed/terracotta/3x[thermal:furnace]: {"type":"thermal:furnace","ingredient":{"item":"allthecompressed:clay_block_3x","count":1},"result":{"item":"allthecompressed:terracotta_block_3x"},"energy":720000,"conditions":[{"type":"forge:and","values":[{"type":"forge:not","value":{"type":"forge:mod_loaded","modid":"compressium"}},{"type":"forge:mod_loaded","modid":"thermal"}]}]}: Invalid Thermal Series recipe: thermal:furnace/allthecompressed/terracotta/3x
Refer to the recipe's ResourceLocation to find the mod responsible and let them know!
[09:40:23] [WARN] Error parsing recipe thermal:furnace/allthecompressed/terracotta/4x[thermal:furnace]: {"type":"thermal:furnace","ingredient":{"item":"allthecompressed:clay_block_4x","count":1},"result":{"item":"allthecompressed:terracotta_block_4x"},"energy":960000,"conditions":[{"type":"forge:and","values":[{"type":"forge:not","value":{"type":"forge:mod_loaded","modid":"compressium"}},{"type":"forge:mod_loaded","modid":"thermal"}]}]}: Invalid Thermal Series recipe: thermal:furnace/allthecompressed/terracotta/4x
Refer to the recipe's ResourceLocation to find the mod responsible and let them know!
[09:40:23] [WARN] Error parsing recipe thermal:furnace/allthecompressed/terracotta/9x[thermal:furnace]: {"type":"thermal:furnace","ingredient":{"item":"allthecompressed:clay_block_9x","count":1},"result":{"item":"allthecompressed:terracotta_block_9x"},"energy":2400000,"conditions":[{"type":"forge:and","values":[{"type":"forge:not","value":{"type":"forge:mod_loaded","modid":"compressium"}},{"type":"forge:mod_loaded","modid":"thermal"}]}]}: Invalid Thermal Series recipe: thermal:furnace/allthecompressed/terracotta/9x
Refer to the recipe's ResourceLocation to find the mod responsible and let them know!
[09:40:23] [WARN] Error parsing recipe thermal:furnace/allthecompressed/terracotta/7x[thermal:furnace]: {"type":"thermal:furnace","ingredient":{"item":"allthecompressed:clay_block_7x","count":1},"result":{"item":"allthecompressed:terracotta_block_7x"},"energy":1680000,"conditions":[{"type":"forge:and","values":[{"type":"forge:not","value":{"type":"forge:mod_loaded","modid":"compressium"}},{"type":"forge:mod_loaded","modid":"thermal"}]}]}: Invalid Thermal Series recipe: thermal:furnace/allthecompressed/terracotta/7x
Refer to the recipe's ResourceLocation to find the mod responsible and let them know!
[09:40:23] [WARN] Error parsing recipe thermal:furnace/allthecompressed/terracotta/8x[thermal:furnace]: {"type":"thermal:furnace","ingredient":{"item":"allthecompressed:clay_block_8x","count":1},"result":{"item":"allthecompressed:terracotta_block_8x"},"energy":2160000,"conditions":[{"type":"forge:and","values":[{"type":"forge:not","value":{"type":"forge:mod_loaded","modid":"compressium"}},{"type":"forge:mod_loaded","modid":"thermal"}]}]}: Invalid Thermal Series recipe: thermal:furnace/allthecompressed/terracotta/8x
Refer to the recipe's ResourceLocation to find the mod responsible and let them know!
[09:40:23] [WARN] Error parsing recipe create:cutting/compat/blue_skies/cherry_wood[create:cutting]: {"type":"create:cutting","conditions":[{"type":"forge:mod_loaded","modid":"blue_skies"}],"ingredients":[{"item":"blue_skies:cherry_wood"}],"processingTime":50,"results":[{"item":"blue_skies:stripped_cherry_wood"}]}: Unknown item 'blue_skies:cherry_wood'
[09:40:23] [WARN] Error parsing recipe create:cutting/compat/blue_skies/cherry_log[create:cutting]: {"type":"create:cutting","conditions":[{"type":"forge:mod_loaded","modid":"blue_skies"}],"ingredients":[{"item":"blue_skies:cherry_log"}],"processingTime":50,"results":[{"item":"blue_skies:stripped_cherry_log"}]}: Unknown item 'blue_skies:cherry_log'
[09:40:24] [WARN] Error parsing recipe twilightdelight:neapolitan/phytochemical_cake_slice[farmersdelight:cutting]: {"type":"farmersdelight:cutting","ingredients":[{"item":"twilightdelight:phytochemical_cake"}],"result":[{"count":7,"item":"twilightdelight:phytochemical_cake_slice"}],"tool":{"tag":"forge:tools/knives"}}: Unknown item 'twilightdelight:phytochemical_cake'
[09:40:24] [WARN] Error parsing recipe cratedelight:minecraft/crafting/salmon_crate[minecraft:crafting_shaped]: {"type":"minecraft:crafting_shaped","pattern":["###","###","###"],"key":{"#":{"item":"minecraft:salmon"}},"result":{"item":"cratedelight:salmon_crate"}}: Unknown item 'cratedelight:salmon_crate'
[09:40:24] [WARN] Error parsing recipe forbidden_arcanus:aurum_chest_boat[minecraft:crafting_shapeless]: {"type":"minecraft:crafting_shapeless","category":"misc","ingredients":[{"item":"forbidden_arcanus:aurum_boat"},{"fabric_value":{"tag":"c:chests"},"forge_value":{"tag":"forge:chests/wooden"}}],"result":{"item":"forbidden_arcanus:aurum_chest_boat"}}: An ingredient entry needs either a tag or an item
[09:40:24] [WARN] Error parsing recipe create:cutting/compat/biomesoplenty/stripped_cherry_wood[create:cutting]: {"type":"create:cutting","conditions":[{"type":"forge:mod_loaded","modid":"biomesoplenty"}],"ingredients":[{"item":"biomesoplenty:stripped_cherry_wood"}],"processingTime":50,"results":[{"count":6,"item":"biomesoplenty:cherry_planks"}]}: Unknown item 'biomesoplenty:stripped_cherry_wood'
[09:40:24] [WARN] Error parsing recipe cratedelight:minecraft/crafting/glowberry_crate[minecraft:crafting_shaped]: {"type":"minecraft:crafting_shaped","pattern":["###","###","###"],"key":{"#":{"item":"minecraft:glow_berries"}},"result":{"item":"cratedelight:glowberry_crate"}}: Unknown item 'cratedelight:glowberry_crate'
[09:40:24] [WARN] Error parsing recipe twilightdelight:rainbow_ice_cream[minecraft:crafting_shapeless]: {"type":"minecraft:crafting_shapeless","category":"misc","ingredients":[{"item":"twilightdelight:aurora_ice_cream"},{"item":"neapolitan:banana_ice_cream"},{"item":"neapolitan:adzuki_ice_cream"},{"item":"minecraft:bowl"},{"item":"minecraft:bowl"},{"item":"minecraft:bowl"}],"result":{"count":3,"item":"twilightdelight:rainbow_ice_cream"}}: Unknown item 'twilightdelight:aurora_ice_cream'
[09:40:24] [WARN] Error parsing recipe twilightdelight:neapolitan/torchberry_cake_slice[farmersdelight:cutting]: {"type":"farmersdelight:cutting","ingredients":[{"item":"twilightdelight:torchberry_cake"}],"result":[{"count":7,"item":"twilightdelight:torchberry_cake_slice"}],"tool":{"tag":"forge:tools/knives"}}: Unknown item 'twilightdelight:torchberry_cake'
[09:40:24] [WARN] Error parsing recipe create:cutting/compat/forbidden_arcanus/cherrywood_log[create:cutting]: {"type":"create:cutting","conditions":[{"type":"forge:mod_loaded","modid":"forbidden_arcanus"}],"ingredients":[{"item":"forbidden_arcanus:cherrywood_log"}],"processingTime":50,"results":[{"item":"forbidden_arcanus:stripped_cherrywood_log"}]}: Unknown item 'forbidden_arcanus:cherrywood_log'
[09:40:24] [WARN] Error parsing recipe create:cutting/compat/forbidden_arcanus/stripped_cherrywood[create:cutting]: {"type":"create:cutting","conditions":[{"type":"forge:mod_loaded","modid":"forbidden_arcanus"}],"ingredients":[{"item":"forbidden_arcanus:stripped_cherrywood"}],"processingTime":50,"results":[{"count":6,"item":"forbidden_arcanus:cherrywood_planks"}]}: Unknown item 'forbidden_arcanus:stripped_cherrywood'
[09:40:24] [WARN] Error parsing recipe twilightdelight:neapolitan/glacier_cake_slice[farmersdelight:cutting]: {"type":"farmersdelight:cutting","ingredients":[{"item":"twilightdelight:glacier_cake"}],"result":[{"count":7,"item":"twilightdelight:glacier_cake_slice"}],"tool":{"tag":"forge:tools/knives"}}: Unknown item 'twilightdelight:glacier_cake'
[09:40:24] [WARN] Error parsing recipe create:cutting/compat/forbidden_arcanus/stripped_cherrywood_log[create:cutting]: {"type":"create:cutting","conditions":[{"type":"forge:mod_loaded","modid":"forbidden_arcanus"}],"ingredients":[{"item":"forbidden_arcanus:stripped_cherrywood_log"}],"processingTime":50,"results":[{"count":6,"item":"forbidden_arcanus:cherrywood_planks"}]}: Unknown item 'forbidden_arcanus:stripped_cherrywood_log'
[09:40:24] [WARN] Error parsing recipe create:cutting/compat/biomesoplenty/cherry_log[create:cutting]: {"type":"create:cutting","conditions":[{"type":"forge:mod_loaded","modid":"biomesoplenty"}],"ingredients":[{"item":"biomesoplenty:cherry_log"}],"processingTime":50,"results":[{"item":"biomesoplenty:stripped_cherry_log"}]}: Unknown item 'biomesoplenty:cherry_log'
[09:40:24] [WARN] Error parsing recipe create:cutting/compat/forbidden_arcanus/mysterywood_log[create:cutting]: {"type":"create:cutting","conditions":[{"type":"forge:mod_loaded","modid":"forbidden_arcanus"}],"ingredients":[{"item":"forbidden_arcanus:mysterywood_log"}],"processingTime":50,"results":[{"item":"forbidden_arcanus:stripped_mysterywood_log"}]}: Unknown item 'forbidden_arcanus:mysterywood_log'
[09:40:24] [WARN] Error parsing recipe create:cutting/compat/blue_skies/stripped_cherry_log[create:cutting]: {"type":"create:cutting","conditions":[{"type":"forge:mod_loaded","modid":"blue_skies"}],"ingredients":[{"item":"blue_skies:stripped_cherry_log"}],"processingTime":50,"results":[{"count":6,"item":"blue_skies:cherry_planks"}]}: Unknown item 'blue_skies:stripped_cherry_log'
[09:40:24] [WARN] Error parsing recipe cratedelight:minecraft/crafting/berry_crate[minecraft:crafting_shaped]: {"type":"minecraft:crafting_shaped","pattern":["###","###","###"],"key":{"#":{"item":"minecraft:sweet_berries"}},"result":{"item":"cratedelight:berry_crate"}}: Unknown item 'cratedelight:berry_crate'
[09:40:25] [WARN] Error parsing recipe create:cutting/compat/forbidden_arcanus/stripped_mysterywood_log[create:cutting]: {"type":"create:cutting","conditions":[{"type":"forge:mod_loaded","modid":"forbidden_arcanus"}],"ingredients":[{"item":"forbidden_arcanus:stripped_mysterywood_log"}],"processingTime":50,"results":[{"count":6,"item":"forbidden_arcanus:mysterywood_planks"}]}: Unknown item 'forbidden_arcanus:stripped_mysterywood_log'
[09:40:25] [WARN] Error parsing recipe create:cutting/compat/biomesoplenty/stripped_cherry_log[create:cutting]: {"type":"create:cutting","conditions":[{"type":"forge:mod_loaded","modid":"biomesoplenty"}],"ingredients":[{"item":"biomesoplenty:stripped_cherry_log"}],"processingTime":50,"results":[{"count":6,"item":"biomesoplenty:cherry_planks"}]}: Unknown item 'biomesoplenty:stripped_cherry_log'
[09:40:25] [WARN] Error parsing recipe cratedelight:minecraft/crafting/cod_crate[minecraft:crafting_shaped]: {"type":"minecraft:crafting_shaped","pattern":["###","###","###"],"key":{"#":{"item":"minecraft:cod"}},"result":{"item":"cratedelight:cod_crate"}}: Unknown item 'cratedelight:cod_crate'
[09:40:30] [INFO] Added 12861 recipes, removed 278 recipes, modified 11 recipes, with 49 failed recipes in 9.332 s
[09:40:49] [INFO] Server resource reload complete!
