[09:37:36] [INIT] KubeJS 2001.6.5-build.14; MC 2001 forge
[09:37:36] [INIT] Loaded plugins:
[09:37:36] [INIT] - dev.latvian.mods.kubejs.forge.BuiltinKubeJSForgePlugin
[09:37:36] [INIT] - com.lowdragmc.lowdraglib.kjs.LDLibKubeJSPlugin
[09:37:36] [INIT] - dev.ftb.mods.ftbxmodcompat.ftbquests.kubejs.KubeJSIntegration
[09:37:36] [INIT] - dev.ftb.mods.ftbxmodcompat.ftbchunks.kubejs.FTBChunksKubeJSPlugin
[09:37:36] [INIT] - dev.ftb.mods.ftbxmodcompat.ftbteams.kubejs.FTBTeamsKubeJSPlugin
[09:37:36] [INIT] - com.gregtechceu.gtceu.integration.kjs.GregTechKubeJSPlugin
[09:37:36] [INIT] - com.tom.createores.kubejs.KubeJSExcavation
[09:37:36] [INIT] - com.almostreliable.morejs.Plugin
[09:37:36] [INIT] - com.blakebr0.cucumber.compat.kubejs.CucumberKubeJSPlugin
[09:37:36] [INIT] - com.almostreliable.ponderjs.PonderJSPlugin
[09:37:39] [INFO] read_json_from_mod.js#5: Loaded Java class 'net.minecraftforge.resource.ResourcePackLoader'
[09:37:39] [INFO] read_json_from_mod.js#8: Loaded Java class 'java.util.stream.Collectors'
[09:37:39] [INFO] read_json_from_mod.js#9: Loaded Java class 'net.minecraft.server.packs.repository.ServerPacksSource'
[09:37:39] [INFO] read_json_from_mod.js#10: Loaded Java class 'net.minecraft.server.packs.resources.FallbackResourceManager'
[09:37:39] [INFO] Loaded script startup_scripts:read_json_from_mod.js in 0.384 s
[09:37:39] [INFO] Loaded script startup_scripts:AE2/Universal_Press.js in 0.019 s
[09:37:39] [INFO] Loaded script startup_scripts:settings.js in 0.012 s
[09:37:39] [INFO] mekanismStartup.js#18: Loaded Java class 'mekanism.api.chemical.slurry.Slurry'
[09:37:39] [INFO] mekanismStartup.js#19: Loaded Java class 'mekanism.api.chemical.slurry.SlurryBuilder'
[09:37:39] [INFO] mekanismStartup.js#20: Loaded Java class 'mekanism.api.chemical.gas.Gas'
[09:37:39] [INFO] mekanismStartup.js#21: Loaded Java class 'mekanism.api.chemical.gas.GasBuilder'
[09:37:39] [INFO] Loaded script startup_scripts:mekanismStartup.js in 0.034 s
[09:37:39] [INFO] Loaded script startup_scripts:custom_additions.js in 0.006 s
[09:37:39] [INFO] Loaded script startup_scripts:gtceu/starforge.js in 0.02 s
[09:37:39] [INFO] gtceu/mega_fusion_reactor.js#4: Loaded Java class 'com.gregtechceu.gtceu.common.machine.multiblock.electric.FusionReactorMachine'
[09:37:39] [INFO] Loaded script startup_scripts:gtceu/mega_fusion_reactor.js in 0.154 s
[09:37:39] [INFO] gtceu/material_modification.js#4: Loaded Java class 'com.gregtechceu.gtceu.api.data.chemical.material.properties.FluidProperty'
[09:37:39] [INFO] gtceu/material_modification.js#5: Loaded Java class 'com.gregtechceu.gtceu.api.data.chemical.material.properties.OreProperty'
[09:37:39] [INFO] gtceu/material_modification.js#6: Loaded Java class 'com.gregtechceu.gtceu.api.fluids.FluidBuilder'
[09:37:39] [INFO] gtceu/material_modification.js#7: Loaded Java class 'com.gregtechceu.gtceu.api.fluids.store.FluidStorageKeys'
[09:37:39] [INFO] Loaded script startup_scripts:gtceu/material_modification.js in 0.059 s
[09:37:39] [INFO] Loaded script startup_scripts:gtceu/gregstar_placeholders.js in 0.002 s
[09:37:39] [INFO] Loaded script startup_scripts:gtceu/miner.js in 0.007 s
[09:37:39] [INFO] Loaded script startup_scripts:gtceu/alcr.js in 0.002 s
[09:37:40] [INFO] gtceu/micro_universe_orb.js#4: Loaded Java class 'com.gregtechceu.gtceu.common.machine.multiblock.part.EnergyHatchPartMachine'
[09:37:40] [INFO] gtceu/micro_universe_orb.js#5: Loaded Java class 'com.gregtechceu.gtceu.api.capability.recipe.IO'
[09:37:40] [INFO] Loaded script startup_scripts:gtceu/micro_universe_orb.js in 0.068 s
[09:37:40] [INFO] Loaded script startup_scripts:gtceu/apiary.js in 0.005 s
[09:37:40] [INFO] gtceu/greenhouse.js#4: Loaded Java class 'dev.latvian.mods.kubejs.util.Tags'
[09:37:40] [INFO] Loaded script startup_scripts:gtceu/greenhouse.js in 0.017 s
[09:37:40] [INFO] farmingForBlockheads.js#11: Loaded Java class 'net.blay09.mods.farmingforblockheads.api.FarmingForBlockheadsAPI'
[09:37:40] [INFO] Loaded script startup_scripts:farmingForBlockheads.js in 0.018 s
[09:37:40] [INFO] Loaded script startup_scripts:mining_dim_layers.js in 0.001 s
[09:37:40] [INFO] Loaded script startup_scripts:worldgen.js in 0.0 s
[09:37:40] [INFO] mysticalagriculture.js#4: Loaded Java class 'com.blakebr0.mysticalagriculture.api.MysticalAgricultureAPI'
[09:37:40] [INFO] Loaded script startup_scripts:mysticalagriculture.js in 0.005 s
[09:37:40] [INFO] Loaded 18/18 KubeJS startup scripts in 3.075 s with 0 errors and 0 warnings
